2024-08-29T16:03:10.973+05:30  INFO 20892 --- [07-Jjpacrud-assignment-1] [restartedMain] com.model.Application                    : Starting Application using Java 21.0.3 with PID 20892 (D:\Aurionpro Spring\10-advancedmapping\target\classes started by Yadullah.Maghrabi in D:\Aurionpro Spring\10-advancedmapping)
2024-08-29T16:03:10.985+05:30  INFO 20892 --- [07-Jjpacrud-assignment-1] [restartedMain] com.model.Application                    : No active profile set, falling back to 1 default profile: "default"
2024-08-29T16:03:11.036+05:30  INFO 20892 --- [07-Jjpacrud-assignment-1] [restartedMain] .e.DevToolsPropertyDefaultsPostProcessor : Devtools property defaults active! Set 'spring.devtools.add-properties' to 'false' to disable
2024-08-29T16:03:11.037+05:30  INFO 20892 --- [07-Jjpacrud-assignment-1] [restartedMain] .e.DevToolsPropertyDefaultsPostProcessor : For additional web related logging consider setting the 'logging.level.web' property to 'DEBUG'
2024-08-29T16:03:11.560+05:30  INFO 20892 --- [07-Jjpacrud-assignment-1] [restartedMain] .s.d.r.c.RepositoryConfigurationDelegate : Bootstrapping Spring Data JPA repositories in DEFAULT mode.
2024-08-29T16:03:11.622+05:30  INFO 20892 --- [07-Jjpacrud-assignment-1] [restartedMain] .s.d.r.c.RepositoryConfigurationDelegate : Finished Spring Data repository scanning in 54 ms. Found 3 JPA repository interfaces.
2024-08-29T16:03:12.073+05:30  INFO 20892 --- [07-Jjpacrud-assignment-1] [restartedMain] o.s.b.w.embedded.tomcat.TomcatWebServer  : Tomcat initialized with port 8080 (http)
2024-08-29T16:03:12.085+05:30  INFO 20892 --- [07-Jjpacrud-assignment-1] [restartedMain] o.apache.catalina.core.StandardService   : Starting service [Tomcat]
2024-08-29T16:03:12.085+05:30  INFO 20892 --- [07-Jjpacrud-assignment-1] [restartedMain] o.apache.catalina.core.StandardEngine    : Starting Servlet engine: [Apache Tomcat/10.1.28]
2024-08-29T16:03:12.122+05:30  INFO 20892 --- [07-Jjpacrud-assignment-1] [restartedMain] o.a.c.c.C.[Tomcat].[localhost].[/]       : Initializing Spring embedded WebApplicationContext
2024-08-29T16:03:12.122+05:30  INFO 20892 --- [07-Jjpacrud-assignment-1] [restartedMain] w.s.c.ServletWebServerApplicationContext : Root WebApplicationContext: initialization completed in 1085 ms
2024-08-29T16:03:12.236+05:30  INFO 20892 --- [07-Jjpacrud-assignment-1] [restartedMain] o.hibernate.jpa.internal.util.LogHelper  : HHH000204: Processing PersistenceUnitInfo [name: default]
2024-08-29T16:03:12.272+05:30  INFO 20892 --- [07-Jjpacrud-assignment-1] [restartedMain] org.hibernate.Version                    : HHH000412: Hibernate ORM core version 6.5.2.Final
2024-08-29T16:03:12.300+05:30  INFO 20892 --- [07-Jjpacrud-assignment-1] [restartedMain] o.h.c.internal.RegionFactoryInitiator    : HHH000026: Second-level cache disabled
2024-08-29T16:03:12.511+05:30  INFO 20892 --- [07-Jjpacrud-assignment-1] [restartedMain] o.s.o.j.p.SpringPersistenceUnitInfo      : No LoadTimeWeaver setup: ignoring JPA class transformer
2024-08-29T16:03:12.530+05:30  INFO 20892 --- [07-Jjpacrud-assignment-1] [restartedMain] com.zaxxer.hikari.HikariDataSource       : HikariPool-1 - Starting...
2024-08-29T16:03:12.803+05:30  INFO 20892 --- [07-Jjpacrud-assignment-1] [restartedMain] com.zaxxer.hikari.pool.HikariPool        : HikariPool-1 - Added connection com.mysql.cj.jdbc.ConnectionImpl@f81d7d1
2024-08-29T16:03:12.805+05:30  INFO 20892 --- [07-Jjpacrud-assignment-1] [restartedMain] com.zaxxer.hikari.HikariDataSource       : HikariPool-1 - Start completed.
2024-08-29T16:03:13.556+05:30  INFO 20892 --- [07-Jjpacrud-assignment-1] [restartedMain] o.h.e.t.j.p.i.JtaPlatformInitiator       : HHH000489: No JTA platform available (set 'hibernate.transaction.jta.platform' to enable JTA platform integration)
2024-08-29T16:03:13.627+05:30  INFO 20892 --- [07-Jjpacrud-assignment-1] [restartedMain] j.LocalContainerEntityManagerFactoryBean : Initialized JPA EntityManagerFactory for persistence unit 'default'
2024-08-29T16:03:13.858+05:30  WARN 20892 --- [07-Jjpacrud-assignment-1] [restartedMain] JpaBaseConfiguration$JpaWebConfiguration : spring.jpa.open-in-view is enabled by default. Therefore, database queries may be performed during view rendering. Explicitly configure spring.jpa.open-in-view to disable this warning
2024-08-29T16:03:14.118+05:30  WARN 20892 --- [07-Jjpacrud-assignment-1] [restartedMain] .s.s.UserDetailsServiceAutoConfiguration : 

Using generated security password: 9fa9541a-3f8a-462b-a60a-b9b7854b8f07

This generated password is for development use only. Your security configuration must be updated before running your application in production.

2024-08-29T16:03:14.132+05:30  INFO 20892 --- [07-Jjpacrud-assignment-1] [restartedMain] r$InitializeUserDetailsManagerConfigurer : Global AuthenticationManager configured with UserDetailsService bean with name inMemoryUserDetailsManager
2024-08-29T16:03:14.251+05:30  INFO 20892 --- [07-Jjpacrud-assignment-1] [restartedMain] o.s.b.d.a.OptionalLiveReloadServer       : LiveReload server is running on port 35729
2024-08-29T16:03:14.285+05:30  INFO 20892 --- [07-Jjpacrud-assignment-1] [restartedMain] o.s.b.w.embedded.tomcat.TomcatWebServer  : Tomcat started on port 8080 (http) with context path '/'
2024-08-29T16:03:14.292+05:30  INFO 20892 --- [07-Jjpacrud-assignment-1] [restartedMain] com.model.Application                    : Started Application in 3.646 seconds (process running for 4.381)
2024-08-29T16:04:33.869+05:30  INFO 20892 --- [07-Jjpacrud-assignment-1] [http-nio-8080-exec-1] o.a.c.c.C.[Tomcat].[localhost].[/]       : Initializing Spring DispatcherServlet 'dispatcherServlet'
2024-08-29T16:04:33.869+05:30  INFO 20892 --- [07-Jjpacrud-assignment-1] [http-nio-8080-exec-1] o.s.web.servlet.DispatcherServlet        : Initializing Servlet 'dispatcherServlet'
2024-08-29T16:04:33.870+05:30  INFO 20892 --- [07-Jjpacrud-assignment-1] [http-nio-8080-exec-1] o.s.web.servlet.DispatcherServlet        : Completed initialization in 1 ms
2024-08-29T16:08:06.773+05:30 ERROR 20892 --- [07-Jjpacrud-assignment-1] [http-nio-8080-exec-9] c.m.mapping.service.CourseServiceImpl    : course with id 9 not found
2024-08-29T16:10:08.796+05:30  INFO 20892 --- [07-Jjpacrud-assignment-1] [File Watcher] rtingClassPathChangeChangedEventListener : Restarting due to 1 class path change (0 additions, 0 deletions, 1 modification)
2024-08-29T16:10:08.809+05:30  INFO 20892 --- [07-Jjpacrud-assignment-1] [Thread-5] j.LocalContainerEntityManagerFactoryBean : Closing JPA EntityManagerFactory for persistence unit 'default'
2024-08-29T16:10:08.812+05:30  INFO 20892 --- [07-Jjpacrud-assignment-1] [Thread-5] com.zaxxer.hikari.HikariDataSource       : HikariPool-1 - Shutdown initiated...
2024-08-29T16:10:08.824+05:30  INFO 20892 --- [07-Jjpacrud-assignment-1] [Thread-5] com.zaxxer.hikari.HikariDataSource       : HikariPool-1 - Shutdown completed.
2024-08-29T16:10:08.903+05:30  INFO 20892 --- [07-Jjpacrud-assignment-1] [restartedMain] com.model.Application                    : Starting Application using Java 21.0.3 with PID 20892 (D:\Aurionpro Spring\10-advancedmapping\target\classes started by Yadullah.Maghrabi in D:\Aurionpro Spring\10-advancedmapping)
2024-08-29T16:10:08.904+05:30  INFO 20892 --- [07-Jjpacrud-assignment-1] [restartedMain] com.model.Application                    : No active profile set, falling back to 1 default profile: "default"
2024-08-29T16:10:09.088+05:30  INFO 20892 --- [07-Jjpacrud-assignment-1] [restartedMain] .s.d.r.c.RepositoryConfigurationDelegate : Bootstrapping Spring Data JPA repositories in DEFAULT mode.
2024-08-29T16:10:09.122+05:30  INFO 20892 --- [07-Jjpacrud-assignment-1] [restartedMain] .s.d.r.c.RepositoryConfigurationDelegate : Finished Spring Data repository scanning in 33 ms. Found 3 JPA repository interfaces.
2024-08-29T16:10:09.224+05:30  INFO 20892 --- [07-Jjpacrud-assignment-1] [restartedMain] o.s.b.w.embedded.tomcat.TomcatWebServer  : Tomcat initialized with port 8080 (http)
2024-08-29T16:10:09.225+05:30  INFO 20892 --- [07-Jjpacrud-assignment-1] [restartedMain] o.apache.catalina.core.StandardService   : Starting service [Tomcat]
2024-08-29T16:10:09.226+05:30  INFO 20892 --- [07-Jjpacrud-assignment-1] [restartedMain] o.apache.catalina.core.StandardEngine    : Starting Servlet engine: [Apache Tomcat/10.1.28]
2024-08-29T16:10:09.240+05:30  INFO 20892 --- [07-Jjpacrud-assignment-1] [restartedMain] o.a.c.c.C.[Tomcat].[localhost].[/]       : Initializing Spring embedded WebApplicationContext
2024-08-29T16:10:09.240+05:30  INFO 20892 --- [07-Jjpacrud-assignment-1] [restartedMain] w.s.c.ServletWebServerApplicationContext : Root WebApplicationContext: initialization completed in 334 ms
2024-08-29T16:10:09.286+05:30  INFO 20892 --- [07-Jjpacrud-assignment-1] [restartedMain] o.hibernate.jpa.internal.util.LogHelper  : HHH000204: Processing PersistenceUnitInfo [name: default]
2024-08-29T16:10:09.288+05:30  INFO 20892 --- [07-Jjpacrud-assignment-1] [restartedMain] o.h.c.internal.RegionFactoryInitiator    : HHH000026: Second-level cache disabled
2024-08-29T16:10:09.294+05:30  INFO 20892 --- [07-Jjpacrud-assignment-1] [restartedMain] o.s.o.j.p.SpringPersistenceUnitInfo      : No LoadTimeWeaver setup: ignoring JPA class transformer
2024-08-29T16:10:09.296+05:30  INFO 20892 --- [07-Jjpacrud-assignment-1] [restartedMain] com.zaxxer.hikari.HikariDataSource       : HikariPool-2 - Starting...
2024-08-29T16:10:09.313+05:30  INFO 20892 --- [07-Jjpacrud-assignment-1] [restartedMain] com.zaxxer.hikari.pool.HikariPool        : HikariPool-2 - Added connection com.mysql.cj.jdbc.ConnectionImpl@1ed349fa
2024-08-29T16:10:09.313+05:30  INFO 20892 --- [07-Jjpacrud-assignment-1] [restartedMain] com.zaxxer.hikari.HikariDataSource       : HikariPool-2 - Start completed.
2024-08-29T16:10:09.385+05:30  INFO 20892 --- [07-Jjpacrud-assignment-1] [restartedMain] o.h.e.t.j.p.i.JtaPlatformInitiator       : HHH000489: No JTA platform available (set 'hibernate.transaction.jta.platform' to enable JTA platform integration)
2024-08-29T16:10:09.418+05:30  INFO 20892 --- [07-Jjpacrud-assignment-1] [restartedMain] j.LocalContainerEntityManagerFactoryBean : Initialized JPA EntityManagerFactory for persistence unit 'default'
2024-08-29T16:10:09.508+05:30  WARN 20892 --- [07-Jjpacrud-assignment-1] [restartedMain] JpaBaseConfiguration$JpaWebConfiguration : spring.jpa.open-in-view is enabled by default. Therefore, database queries may be performed during view rendering. Explicitly configure spring.jpa.open-in-view to disable this warning
2024-08-29T16:10:09.609+05:30  INFO 20892 --- [07-Jjpacrud-assignment-1] [restartedMain] r$InitializeUserDetailsManagerConfigurer : Global AuthenticationManager configured with UserDetailsService bean with name inMemoryUserDetailsManager
2024-08-29T16:10:09.635+05:30  INFO 20892 --- [07-Jjpacrud-assignment-1] [restartedMain] o.s.b.d.a.OptionalLiveReloadServer       : LiveReload server is running on port 35729
2024-08-29T16:10:09.647+05:30  INFO 20892 --- [07-Jjpacrud-assignment-1] [restartedMain] o.s.b.w.embedded.tomcat.TomcatWebServer  : Tomcat started on port 8080 (http) with context path '/'
2024-08-29T16:10:09.650+05:30  INFO 20892 --- [07-Jjpacrud-assignment-1] [restartedMain] com.model.Application                    : Started Application in 0.774 seconds (process running for 419.74)
2024-08-29T16:10:09.652+05:30  INFO 20892 --- [07-Jjpacrud-assignment-1] [restartedMain] .ConditionEvaluationDeltaLoggingListener : Condition evaluation unchanged
2024-08-29T16:10:18.028+05:30  INFO 20892 --- [07-Jjpacrud-assignment-1] [http-nio-8080-exec-2] o.a.c.c.C.[Tomcat].[localhost].[/]       : Initializing Spring DispatcherServlet 'dispatcherServlet'
2024-08-29T16:10:18.028+05:30  INFO 20892 --- [07-Jjpacrud-assignment-1] [http-nio-8080-exec-2] o.s.web.servlet.DispatcherServlet        : Initializing Servlet 'dispatcherServlet'
2024-08-29T16:10:18.029+05:30  INFO 20892 --- [07-Jjpacrud-assignment-1] [http-nio-8080-exec-2] o.s.web.servlet.DispatcherServlet        : Completed initialization in 1 ms
2024-08-29T16:10:25.874+05:30 ERROR 20892 --- [07-Jjpacrud-assignment-1] [http-nio-8080-exec-3] c.m.mapping.service.CourseServiceImpl    : course with id 9 not found
2024-08-29T16:44:38.707+05:30  INFO 20892 --- [07-Jjpacrud-assignment-1] [RMI TCP Connection(46)-127.0.0.1] inMXBeanRegistrar$SpringApplicationAdmin : Application shutdown requested.
2024-08-29T16:44:38.719+05:30  INFO 20892 --- [07-Jjpacrud-assignment-1] [RMI TCP Connection(46)-127.0.0.1] j.LocalContainerEntityManagerFactoryBean : Closing JPA EntityManagerFactory for persistence unit 'default'
2024-08-29T16:44:38.720+05:30  INFO 20892 --- [07-Jjpacrud-assignment-1] [RMI TCP Connection(46)-127.0.0.1] com.zaxxer.hikari.HikariDataSource       : HikariPool-2 - Shutdown initiated...
2024-08-29T16:44:38.727+05:30  INFO 20892 --- [07-Jjpacrud-assignment-1] [RMI TCP Connection(46)-127.0.0.1] com.zaxxer.hikari.HikariDataSource       : HikariPool-2 - Shutdown completed.
